  main.cpp
main.cpp(126): warning C4996: 'fopen': This function or variable may be unsafe. Consider using fopen_s instead. To disable deprecation, use _CRT_SECURE_NO_WARNINGS. See online help for details.
  C:\Program Files (x86)\Windows Kits\10\Include\10.0.10240.0\ucrt\stdio.h(205): note:  см. объявление "fopen"
main.cpp(136): warning C4996: 'fscanf': This function or variable may be unsafe. Consider using fscanf_s instead. To disable deprecation, use _CRT_SECURE_NO_WARNINGS. See online help for details.
  C:\Program Files (x86)\Windows Kits\10\Include\10.0.10240.0\ucrt\stdio.h(1193): note:  см. объявление "fscanf"
main.cpp(143): warning C4996: 'fscanf': This function or variable may be unsafe. Consider using fscanf_s instead. To disable deprecation, use _CRT_SECURE_NO_WARNINGS. See online help for details.
  C:\Program Files (x86)\Windows Kits\10\Include\10.0.10240.0\ucrt\stdio.h(1193): note:  см. объявление "fscanf"
main.cpp(150): warning C4996: 'fscanf': This function or variable may be unsafe. Consider using fscanf_s instead. To disable deprecation, use _CRT_SECURE_NO_WARNINGS. See online help for details.
  C:\Program Files (x86)\Windows Kits\10\Include\10.0.10240.0\ucrt\stdio.h(1193): note:  см. объявление "fscanf"
main.cpp(157): warning C4996: 'fscanf': This function or variable may be unsafe. Consider using fscanf_s instead. To disable deprecation, use _CRT_SECURE_NO_WARNINGS. See online help for details.
  C:\Program Files (x86)\Windows Kits\10\Include\10.0.10240.0\ucrt\stdio.h(1193): note:  см. объявление "fscanf"
main.cpp(165): warning C4996: 'fscanf': This function or variable may be unsafe. Consider using fscanf_s instead. To disable deprecation, use _CRT_SECURE_NO_WARNINGS. See online help for details.
  C:\Program Files (x86)\Windows Kits\10\Include\10.0.10240.0\ucrt\stdio.h(1193): note:  см. объявление "fscanf"
main.cpp(253): warning C4018: <: несоответствие типов со знаком и без знака
main.cpp(314): warning C4838: преобразование из "double" в "float" требует сужающего преобразования
main.cpp(314): warning C4305: инициализация: усечение из "double" к "float"
main.cpp(377): warning C4305: аргумент: усечение из "double" к "GLfloat"
main.cpp(408): warning C4305: +=: усечение из "double" к "float"
main.cpp(409): warning C4305: -=: усечение из "double" к "float"
main.cpp(410): warning C4305: +=: усечение из "double" к "float"
main.cpp(411): warning C4305: -=: усечение из "double" к "float"
main.cpp(412): warning C4305: +=: усечение из "double" к "float"
main.cpp(413): warning C4305: -=: усечение из "double" к "float"
main.cpp(422): warning C4305: +=: усечение из "double" к "float"
main.cpp(422): warning C4305: -=: усечение из "double" к "float"
main.cpp(423): warning C4305: -=: усечение из "double" к "float"
main.cpp(423): warning C4305: +=: усечение из "double" к "float"
main.cpp(424): warning C4305: +=: усечение из "double" к "float"
main.cpp(424): warning C4305: -=: усечение из "double" к "float"
main.cpp(425): warning C4305: -=: усечение из "double" к "float"
main.cpp(425): warning C4305: +=: усечение из "double" к "float"
main.cpp(426): warning C4305: +=: усечение из "double" к "float"
main.cpp(426): warning C4305: -=: усечение из "double" к "float"
main.cpp(427): warning C4305: -=: усечение из "double" к "float"
main.cpp(427): warning C4305: +=: усечение из "double" к "float"
main.cpp(436): warning C4305: +=: усечение из "double" к "float"
main.cpp(437): warning C4305: -=: усечение из "double" к "float"
main.cpp(438): warning C4305: +=: усечение из "double" к "float"
main.cpp(439): warning C4305: -=: усечение из "double" к "float"
main.cpp(440): warning C4305: +=: усечение из "double" к "float"
main.cpp(441): warning C4305: -=: усечение из "double" к "float"
main.cpp(453): warning C4305: аргумент: усечение из "double" к "GLclampf"
main.cpp(465): warning C4244: аргумент: преобразование "double" в "GLsizei", возможна потеря данных
SOIL.lib(SOIL.obj) : warning LNK4075: не учитывается "/EDITANDCONTINUE" из-за спецификации "/OPT:ICF"
LINK : warning LNK4098: библиотека по умолчанию "MSVCRTD" противоречит использованию других библиотек; используйте параметр /NODEFAULTLIB:library
  Создание кода
c:\users\1\desktop\графика\лаба 13 scoobydoo\main.cpp(198): warning C4715: loadOBJ: значение возвращается не при всех путях выполнения
  347 of 351 functions (98.9%) were compiled, the rest were copied from previous compilation.
    10 functions were new in current compilation
    0 functions had inline decision re-evaluated but remain unchanged
  Создание кода завершено
SOIL.lib(image_DXT.obj) : warning LNK4099: "SOIL.pdb" PDB не найден с "SOIL.lib(image_DXT.obj)" или на "C:\Users\1\Desktop\Графика\Лаба 13 ScoobyDoo\Release\SOIL.pdb"; компоновка объекта выполняется как при отсутствии отладочных данных
SOIL.lib(image_helper.obj) : warning LNK4099: "SOIL.pdb" PDB не найден с "SOIL.lib(image_helper.obj)" или на "C:\Users\1\Desktop\Графика\Лаба 13 ScoobyDoo\Release\SOIL.pdb"; компоновка объекта выполняется как при отсутствии отладочных данных
SOIL.lib(SOIL.obj) : warning LNK4099: "SOIL.pdb" PDB не найден с "SOIL.lib(SOIL.obj)" или на "C:\Users\1\Desktop\Графика\Лаба 13 ScoobyDoo\Release\SOIL.pdb"; компоновка объекта выполняется как при отсутствии отладочных данных
SOIL.lib(stb_image_aug.obj) : warning LNK4099: "SOIL.pdb" PDB не найден с "SOIL.lib(stb_image_aug.obj)" или на "C:\Users\1\Desktop\Графика\Лаба 13 ScoobyDoo\Release\SOIL.pdb"; компоновка объекта выполняется как при отсутствии отладочных данных
  19.vcxproj -> C:\Users\1\Desktop\Графика\Лаба 13 ScoobyDoo\Release\19.exe
  19.vcxproj -> C:\Users\1\Desktop\Графика\Лаба 13 ScoobyDoo\Release\19.pdb (Full PDB)
