  main.cpp
main.cpp(124): warning C4996: 'fopen': This function or variable may be unsafe. Consider using fopen_s instead. To disable deprecation, use _CRT_SECURE_NO_WARNINGS. See online help for details.
  C:\Program Files (x86)\Windows Kits\10\Include\10.0.10240.0\ucrt\stdio.h(205): note:  см. объявление "fopen"
main.cpp(134): warning C4996: 'fscanf': This function or variable may be unsafe. Consider using fscanf_s instead. To disable deprecation, use _CRT_SECURE_NO_WARNINGS. See online help for details.
  C:\Program Files (x86)\Windows Kits\10\Include\10.0.10240.0\ucrt\stdio.h(1193): note:  см. объявление "fscanf"
main.cpp(141): warning C4996: 'fscanf': This function or variable may be unsafe. Consider using fscanf_s instead. To disable deprecation, use _CRT_SECURE_NO_WARNINGS. See online help for details.
  C:\Program Files (x86)\Windows Kits\10\Include\10.0.10240.0\ucrt\stdio.h(1193): note:  см. объявление "fscanf"
main.cpp(148): warning C4996: 'fscanf': This function or variable may be unsafe. Consider using fscanf_s instead. To disable deprecation, use _CRT_SECURE_NO_WARNINGS. See online help for details.
  C:\Program Files (x86)\Windows Kits\10\Include\10.0.10240.0\ucrt\stdio.h(1193): note:  см. объявление "fscanf"
main.cpp(155): warning C4996: 'fscanf': This function or variable may be unsafe. Consider using fscanf_s instead. To disable deprecation, use _CRT_SECURE_NO_WARNINGS. See online help for details.
  C:\Program Files (x86)\Windows Kits\10\Include\10.0.10240.0\ucrt\stdio.h(1193): note:  см. объявление "fscanf"
main.cpp(163): warning C4996: 'fscanf': This function or variable may be unsafe. Consider using fscanf_s instead. To disable deprecation, use _CRT_SECURE_NO_WARNINGS. See online help for details.
  C:\Program Files (x86)\Windows Kits\10\Include\10.0.10240.0\ucrt\stdio.h(1193): note:  см. объявление "fscanf"
main.cpp(250): warning C4018: <: несоответствие типов со знаком и без знака
main.cpp(305): warning C4838: преобразование из "double" в "float" требует сужающего преобразования
main.cpp(305): warning C4305: инициализация: усечение из "double" к "float"
main.cpp(363): warning C4305: аргумент: усечение из "double" к "GLfloat"
main.cpp(419): warning C4305: +=: усечение из "double" к "float"
main.cpp(420): warning C4305: -=: усечение из "double" к "float"
main.cpp(421): warning C4305: +=: усечение из "double" к "float"
main.cpp(422): warning C4305: -=: усечение из "double" к "float"
main.cpp(423): warning C4305: +=: усечение из "double" к "float"
main.cpp(424): warning C4305: -=: усечение из "double" к "float"
main.cpp(433): warning C4305: +=: усечение из "double" к "float"
main.cpp(433): warning C4305: -=: усечение из "double" к "float"
main.cpp(434): warning C4305: -=: усечение из "double" к "float"
main.cpp(434): warning C4305: +=: усечение из "double" к "float"
main.cpp(435): warning C4305: +=: усечение из "double" к "float"
main.cpp(435): warning C4305: -=: усечение из "double" к "float"
main.cpp(436): warning C4305: -=: усечение из "double" к "float"
main.cpp(436): warning C4305: +=: усечение из "double" к "float"
main.cpp(437): warning C4305: +=: усечение из "double" к "float"
main.cpp(437): warning C4305: -=: усечение из "double" к "float"
main.cpp(438): warning C4305: -=: усечение из "double" к "float"
main.cpp(438): warning C4305: +=: усечение из "double" к "float"
main.cpp(447): warning C4305: +=: усечение из "double" к "float"
main.cpp(448): warning C4305: -=: усечение из "double" к "float"
main.cpp(449): warning C4305: +=: усечение из "double" к "float"
main.cpp(450): warning C4305: -=: усечение из "double" к "float"
main.cpp(451): warning C4305: +=: усечение из "double" к "float"
main.cpp(452): warning C4305: -=: усечение из "double" к "float"
main.cpp(464): warning C4305: аргумент: усечение из "double" к "GLclampf"
main.cpp(476): warning C4244: аргумент: преобразование "double" в "GLsizei", возможна потеря данных
SOIL.lib(SOIL.obj) : warning LNK4075: не учитывается "/EDITANDCONTINUE" из-за спецификации "/OPT:ICF"
LINK : warning LNK4098: библиотека по умолчанию "MSVCRTD" противоречит использованию других библиотек; используйте параметр /NODEFAULTLIB:library
  Создание кода
  3 of 352 functions ( 0.9%) were compiled, the rest were copied from previous compilation.
    0 functions were new in current compilation
    1 functions had inline decision re-evaluated but remain unchanged
  Создание кода завершено
SOIL.lib(image_DXT.obj) : warning LNK4099: "SOIL.pdb" PDB не найден с "SOIL.lib(image_DXT.obj)" или на "C:\Users\1\Desktop\Графика\Лаба 13 Голова\Release\SOIL.pdb"; компоновка объекта выполняется как при отсутствии отладочных данных
SOIL.lib(image_helper.obj) : warning LNK4099: "SOIL.pdb" PDB не найден с "SOIL.lib(image_helper.obj)" или на "C:\Users\1\Desktop\Графика\Лаба 13 Голова\Release\SOIL.pdb"; компоновка объекта выполняется как при отсутствии отладочных данных
SOIL.lib(SOIL.obj) : warning LNK4099: "SOIL.pdb" PDB не найден с "SOIL.lib(SOIL.obj)" или на "C:\Users\1\Desktop\Графика\Лаба 13 Голова\Release\SOIL.pdb"; компоновка объекта выполняется как при отсутствии отладочных данных
SOIL.lib(stb_image_aug.obj) : warning LNK4099: "SOIL.pdb" PDB не найден с "SOIL.lib(stb_image_aug.obj)" или на "C:\Users\1\Desktop\Графика\Лаба 13 Голова\Release\SOIL.pdb"; компоновка объекта выполняется как при отсутствии отладочных данных
  19.vcxproj -> C:\Users\1\Desktop\Графика\Лаба 13 Голова\Release\19.exe
  19.vcxproj -> C:\Users\1\Desktop\Графика\Лаба 13 Голова\Release\19.pdb (Full PDB)
