c:\users\lenovo\documents\компграфика\indivopengl\release\vc140.pdb
c:\users\lenovo\documents\компграфика\indivopengl\release\source.obj
c:\users\lenovo\documents\компграфика\indivopengl\release\glsl.obj
c:\users\lenovo\documents\компграфика\indivopengl\release\freeglut_teapot.obj
c:\users\lenovo\documents\компграфика\indivopengl\release\freeglut_structure.obj
c:\users\lenovo\documents\компграфика\indivopengl\release\freeglut_stroke_roman.obj
c:\users\lenovo\documents\компграфика\indivopengl\release\freeglut_stroke_mono_roman.obj
c:\users\lenovo\documents\компграфика\indivopengl\release\freeglut_state.obj
c:\users\lenovo\documents\компграфика\indivopengl\release\freeglut_overlay.obj
c:\users\lenovo\documents\компграфика\indivopengl\release\freeglut_misc.obj
c:\users\lenovo\documents\компграфика\indivopengl\release\freeglut_menu.obj
c:\users\lenovo\documents\компграфика\indivopengl\release\freeglut_main.obj
c:\users\lenovo\documents\компграфика\indivopengl\release\freeglut_joystick.obj
c:\users\lenovo\documents\компграфика\indivopengl\release\freeglut_init.obj
c:\users\lenovo\documents\компграфика\indivopengl\release\freeglut_glutfont_definitions.obj
c:\users\lenovo\documents\компграфика\indivopengl\release\freeglut_geometry.obj
c:\users\lenovo\documents\компграфика\indivopengl\release\freeglut_gamemode.obj
c:\users\lenovo\documents\компграфика\indivopengl\release\freeglut_font_data.obj
c:\users\lenovo\documents\компграфика\indivopengl\release\freeglut_font.obj
c:\users\lenovo\documents\компграфика\indivopengl\release\freeglut_ext.obj
c:\users\lenovo\documents\компграфика\indivopengl\release\freeglut_display.obj
c:\users\lenovo\documents\компграфика\indivopengl\release\freeglut_cursor.obj
c:\users\lenovo\documents\компграфика\indivopengl\release\freeglut_callbacks.obj
c:\users\lenovo\documents\компграфика\indivopengl\release\glew.obj
c:\users\lenovo\documents\компграфика\indivopengl\release\freeglut_window.obj
c:\users\lenovo\documents\компграфика\indivopengl\release\freeglut_videoresize.obj
c:\users\lenovo\documents\компграфика\indivopengl\release\templateproject.tlog\cl.command.1.tlog
c:\users\lenovo\documents\компграфика\indivopengl\release\templateproject.tlog\cl.read.1.tlog
c:\users\lenovo\documents\компграфика\indivopengl\release\templateproject.tlog\cl.write.1.tlog
c:\users\lenovo\documents\компграфика\indivopengl\release\templateproject.tlog\link.10960.read.1.tlog
c:\users\lenovo\documents\компграфика\indivopengl\release\templateproject.tlog\link.10960.write.1.tlog
c:\users\lenovo\documents\компграфика\indivopengl\release\templateproject.tlog\link.1976.read.1.tlog
c:\users\lenovo\documents\компграфика\indivopengl\release\templateproject.tlog\link.1976.write.1.tlog
c:\users\lenovo\documents\компграфика\indivopengl\release\templateproject.tlog\link.6316.read.1.tlog
c:\users\lenovo\documents\компграфика\indivopengl\release\templateproject.tlog\link.6316.write.1.tlog
c:\users\lenovo\documents\компграфика\indivopengl\release\templateproject.tlog\link.7464.read.1.tlog
c:\users\lenovo\documents\компграфика\indivopengl\release\templateproject.tlog\link.7464.write.1.tlog
c:\users\lenovo\documents\компграфика\indivopengl\release\templateproject.tlog\link.8032.read.1.tlog
c:\users\lenovo\documents\компграфика\indivopengl\release\templateproject.tlog\link.8032.write.1.tlog
c:\users\lenovo\documents\компграфика\indivopengl\release\templateproject.tlog\link.command.1.tlog
c:\users\lenovo\documents\компграфика\indivopengl\release\templateproject.tlog\link.read.1.tlog
c:\users\lenovo\documents\компграфика\indivopengl\release\templateproject.tlog\link.write.1.tlog
